<?xml version="1.0" encoding="UTF-8"?>
<!-- Generated by org.testng.reporters.JUnitReportReporter -->
<testsuite hostname="AIPL5658LT12679" failures="0" tests="1" name="PuneethChidura.SeleniumFrameworkDesign.cucumber.TestNGTestRunner" time="5.467" errors="0" timestamp="26 Nov 2022 11:28:05 GMT" skipped="0">
  <testcase classname="PuneethChidura.SeleniumFrameworkDesign.cucumber.TestNGTestRunner" name="runScenario" time="5.467"/>
</testsuite> <!-- PuneethChidura.SeleniumFrameworkDesign.cucumber.TestNGTestRunner -->
