<?xml version="1.0" encoding="UTF-8"?>
<!-- Generated by org.testng.reporters.JUnitReportReporter -->
<testsuite hostname="AIPL5658LT12679" failures="0" tests="1" name="PuneethChidura.SeleniumFrameworkDesign.tests.ErrorValidation" time="4.516" errors="0" timestamp="30 Oct 2022 12:42:47 GMT" skipped="0">
  <testcase classname="PuneethChidura.SeleniumFrameworkDesign.tests.ErrorValidation" name="submitOrder" time="4.516"/>
</testsuite> <!-- PuneethChidura.SeleniumFrameworkDesign.tests.ErrorValidation -->
