<?xml version="1.0" encoding="UTF-8"?>
<!-- Generated by org.testng.reporters.JUnitReportReporter -->
<testsuite hostname="AIPL5658LT12679" failures="0" tests="1" name="PuneethChidura.ExtentReports.ExtentReportsDemo" time="20.033" errors="0" timestamp="2022-11-11T17:11:05 IST" skipped="0">
  <testcase classname="PuneethChidura.ExtentReports.ExtentReportsDemo" name="initialDemo" time="20.033"/>
  <system-out/>
</testsuite> <!-- PuneethChidura.ExtentReports.ExtentReportsDemo -->
